<?xml version="1.0" encoding="UTF-8"?>
<!-- Generated by org.testng.reporters.JUnitReportReporter -->
<testsuite hostname="LAPTOP-DK38VD03" failures="0" tests="2" name="tests.SearchAndTodaysDealsteps" time="5.972" errors="0" timestamp="2023-12-08T22:17:10 IST" skipped="0">
  <testcase classname="tests.SearchAndTodaysDealsteps" name="search" time="3.937"/>
  <system-out/>
  <testcase classname="tests.SearchAndTodaysDealsteps" name="dealstoday" time="2.035"/>
  <system-out/>
</testsuite> <!-- tests.SearchAndTodaysDealsteps -->
