<?xml version="1.0" encoding="UTF-8"?>
<!-- Generated by org.testng.reporters.JUnitReportReporter -->
<testsuite hostname="LAPTOP-DK38VD03" failures="0" tests="4" name="tests.FictionBooksTest" time="18.050" errors="0" timestamp="2023-12-08T22:17:10 IST" skipped="0">
  <testcase classname="tests.FictionBooksTest" name="test_login" time="4.097"/>
  <system-out/>
  <testcase classname="tests.FictionBooksTest" name="FictionBooksclick" time="9.435"/>
  <system-out/>
  <testcase classname="tests.FictionBooksTest" name="book1_click" time="2.637"/>
  <system-out/>
  <testcase classname="tests.FictionBooksTest" name="buynow_click" time="1.881"/>
  <system-out/>
</testsuite> <!-- tests.FictionBooksTest -->
