<?xml version="1.0" encoding="UTF-8"?>
<!-- Generated by org.testng.reporters.JUnitReportReporter -->
<testsuite hostname="LAPTOP-DK38VD03" failures="0" tests="1" name="tests.LoginPageTest" time="5.977" errors="0" timestamp="2023-12-08T22:17:10 IST" skipped="0">
  <testcase classname="tests.LoginPageTest" name="test_login" time="5.977"/>
  <system-out/>
</testsuite> <!-- tests.LoginPageTest -->
